<?xml version="1.0" encoding="UTF-8"?>
<testng-results ignored="0" total="2" passed="2" failed="0" skipped="0">
  <reporter-output>
  </reporter-output>
  <suite started-at="2024-11-17T02:34:12 IST" name="Default suite" finished-at="2024-11-17T02:34:45 IST" duration-ms="32361">
    <groups>
      <group name="cucumber">
        <method signature="AbstractTestNGCucumberTests.runScenario(io.cucumber.testng.PickleWrapper,io.cucumber.testng.FeatureWrapper)[pri:0, instance:CucumberOptions.TestNGRunner@175b9425]" name="runScenario" class="io.cucumber.testng.AbstractTestNGCucumberTests"/>
      </group> <!-- cucumber -->
    </groups>
    <test started-at="2024-11-17T02:34:12 IST" name="Default test" finished-at="2024-11-17T02:34:45 IST" duration-ms="32361">
      <class name="CucumberOptions.TestNGRunner">
        <test-method is-config="true" signature="setUpClass(org.testng.ITestContext)[pri:0, instance:CucumberOptions.TestNGRunner@175b9425]" started-at="2024-11-17T02:34:12 IST" name="setUpClass" finished-at="2024-11-17T02:34:13 IST" duration-ms="407" status="PASS">
          <params>
            <param index="0">
              <value>
                <![CDATA[org.testng.TestRunner@632b305d]]>
              </value>
            </param>
          </params>
          <reporter-output>
          </reporter-output>
        </test-method> <!-- setUpClass -->
        <test-method signature="runScenario(io.cucumber.testng.PickleWrapper,io.cucumber.testng.FeatureWrapper)[pri:0, instance:CucumberOptions.TestNGRunner@175b9425]" started-at="2024-11-17T02:34:13 IST" name="runScenario" description="Runs Cucumber Scenarios" data-provider="scenarios" finished-at="2024-11-17T02:34:23 IST" duration-ms="10826" status="PASS">
          <params>
            <param index="0">
              <value>
                <![CDATA["Log in with incorrect password and detect error message"]]>
              </value>
            </param>
            <param index="1">
              <value>
                <![CDATA["SauceDemo Login and Cart functionalities"]]>
              </value>
            </param>
          </params>
          <reporter-output>
          </reporter-output>
        </test-method> <!-- runScenario -->
        <test-method signature="runScenario(io.cucumber.testng.PickleWrapper,io.cucumber.testng.FeatureWrapper)[pri:0, instance:CucumberOptions.TestNGRunner@175b9425]" started-at="2024-11-17T02:34:23 IST" name="runScenario" description="Runs Cucumber Scenarios" data-provider="scenarios" finished-at="2024-11-17T02:34:45 IST" duration-ms="21063" status="PASS">
          <params>
            <param index="0">
              <value>
                <![CDATA["Log in with correct password"]]>
              </value>
            </param>
            <param index="1">
              <value>
                <![CDATA["SauceDemo Login and Cart functionalities"]]>
              </value>
            </param>
          </params>
          <reporter-output>
          </reporter-output>
        </test-method> <!-- runScenario -->
        <test-method is-config="true" signature="tearDownClass()[pri:0, instance:CucumberOptions.TestNGRunner@175b9425]" started-at="2024-11-17T02:34:45 IST" name="tearDownClass" finished-at="2024-11-17T02:34:45 IST" duration-ms="31" status="PASS">
          <reporter-output>
          </reporter-output>
        </test-method> <!-- tearDownClass -->
      </class> <!-- CucumberOptions.TestNGRunner -->
    </test> <!-- Default test -->
  </suite> <!-- Default suite -->
</testng-results>
